{"/Users/muskasaid/diaryapp/backend/controllers/postControllers.js": {"path":"/Users/muskasaid/diaryapp/backend/controllers/postControllers.js","statementMap":{"0":{"start":{"line":6,"column":27},"end":{"line":17,"column":1}},"1":{"start":{"line":7,"column":2},"end":{"line":16,"column":3}},"2":{"start":{"line":9,"column":18},"end":{"line":11,"column":30}},"3":{"start":{"line":13,"column":4},"end":{"line":13,"column":32}},"4":{"start":{"line":15,"column":4},"end":{"line":15,"column":51}},"5":{"start":{"line":20,"column":23},"end":{"line":82,"column":1}},"6":{"start":{"line":21,"column":2},"end":{"line":21,"column":44}},"7":{"start":{"line":22,"column":17},"end":{"line":22,"column":27}},"8":{"start":{"line":23,"column":23},"end":{"line":23,"column":32}},"9":{"start":{"line":25,"column":2},"end":{"line":28,"column":5}},"10":{"start":{"line":30,"column":2},"end":{"line":32,"column":3}},"11":{"start":{"line":31,"column":4},"end":{"line":31,"column":66}},"12":{"start":{"line":34,"column":2},"end":{"line":81,"column":3}},"13":{"start":{"line":35,"column":17},"end":{"line":35,"column":40}},"14":{"start":{"line":36,"column":4},"end":{"line":38,"column":5}},"15":{"start":{"line":37,"column":6},"end":{"line":37,"column":68}},"16":{"start":{"line":41,"column":4},"end":{"line":75,"column":5}},"17":{"start":{"line":42,"column":6},"end":{"line":46,"column":9}},"18":{"start":{"line":48,"column":6},"end":{"line":53,"column":7}},"19":{"start":{"line":49,"column":8},"end":{"line":52,"column":11}},"20":{"start":{"line":55,"column":30},"end":{"line":55,"column":45}},"21":{"start":{"line":56,"column":32},"end":{"line":56,"column":40}},"22":{"start":{"line":58,"column":28},"end":{"line":58,"column":80}},"23":{"start":{"line":59,"column":30},"end":{"line":59,"column":84}},"24":{"start":{"line":61,"column":6},"end":{"line":67,"column":9}},"25":{"start":{"line":69,"column":6},"end":{"line":74,"column":7}},"26":{"start":{"line":70,"column":8},"end":{"line":73,"column":11}},"27":{"start":{"line":77,"column":4},"end":{"line":77,"column":31}},"28":{"start":{"line":79,"column":4},"end":{"line":79,"column":33}},"29":{"start":{"line":80,"column":4},"end":{"line":80,"column":49}},"30":{"start":{"line":85,"column":26},"end":{"line":130,"column":1}},"31":{"start":{"line":87,"column":67},"end":{"line":87,"column":75}},"32":{"start":{"line":88,"column":18},"end":{"line":88,"column":30}},"33":{"start":{"line":90,"column":2},"end":{"line":90,"column":47}},"34":{"start":{"line":91,"column":2},"end":{"line":94,"column":4}},"35":{"start":{"line":96,"column":2},"end":{"line":129,"column":3}},"36":{"start":{"line":98,"column":25},"end":{"line":98,"column":29}},"37":{"start":{"line":99,"column":4},"end":{"line":106,"column":5}},"38":{"start":{"line":100,"column":19},"end":{"line":100,"column":43}},"39":{"start":{"line":101,"column":6},"end":{"line":101,"column":57}},"40":{"start":{"line":104,"column":25},"end":{"line":104,"column":71}},"41":{"start":{"line":105,"column":6},"end":{"line":105,"column":61}},"42":{"start":{"line":109,"column":17},"end":{"line":118,"column":6}},"43":{"start":{"line":120,"column":4},"end":{"line":120,"column":51}},"44":{"start":{"line":121,"column":4},"end":{"line":121,"column":56}},"45":{"start":{"line":122,"column":4},"end":{"line":122,"column":43}},"46":{"start":{"line":123,"column":4},"end":{"line":123,"column":51}},"47":{"start":{"line":125,"column":4},"end":{"line":125,"column":31}},"48":{"start":{"line":127,"column":4},"end":{"line":127,"column":47}},"49":{"start":{"line":128,"column":4},"end":{"line":128,"column":49}},"50":{"start":{"line":133,"column":26},"end":{"line":148,"column":1}},"51":{"start":{"line":134,"column":17},"end":{"line":134,"column":27}},"52":{"start":{"line":136,"column":2},"end":{"line":137,"column":66}},"53":{"start":{"line":137,"column":4},"end":{"line":137,"column":66}},"54":{"start":{"line":139,"column":2},"end":{"line":147,"column":3}},"55":{"start":{"line":140,"column":17},"end":{"line":140,"column":40}},"56":{"start":{"line":141,"column":4},"end":{"line":141,"column":77}},"57":{"start":{"line":141,"column":15},"end":{"line":141,"column":77}},"58":{"start":{"line":143,"column":24},"end":{"line":143,"column":64}},"59":{"start":{"line":144,"column":4},"end":{"line":144,"column":38}},"60":{"start":{"line":146,"column":4},"end":{"line":146,"column":49}},"61":{"start":{"line":151,"column":26},"end":{"line":172,"column":1}},"62":{"start":{"line":152,"column":17},"end":{"line":152,"column":27}},"63":{"start":{"line":154,"column":2},"end":{"line":155,"column":66}},"64":{"start":{"line":155,"column":4},"end":{"line":155,"column":66}},"65":{"start":{"line":157,"column":2},"end":{"line":171,"column":3}},"66":{"start":{"line":158,"column":17},"end":{"line":158,"column":40}},"67":{"start":{"line":159,"column":4},"end":{"line":159,"column":77}},"68":{"start":{"line":159,"column":15},"end":{"line":159,"column":77}},"69":{"start":{"line":162,"column":24},"end":{"line":166,"column":5}},"70":{"start":{"line":168,"column":4},"end":{"line":168,"column":38}},"71":{"start":{"line":170,"column":4},"end":{"line":170,"column":49}},"72":{"start":{"line":175,"column":30},"end":{"line":210,"column":1}},"73":{"start":{"line":176,"column":2},"end":{"line":176,"column":57}},"74":{"start":{"line":177,"column":17},"end":{"line":177,"column":27}},"75":{"start":{"line":178,"column":23},"end":{"line":178,"column":31}},"76":{"start":{"line":180,"column":2},"end":{"line":180,"column":30}},"77":{"start":{"line":181,"column":2},"end":{"line":181,"column":69}},"78":{"start":{"line":183,"column":2},"end":{"line":185,"column":3}},"79":{"start":{"line":184,"column":4},"end":{"line":184,"column":67}},"80":{"start":{"line":187,"column":2},"end":{"line":209,"column":3}},"81":{"start":{"line":188,"column":17},"end":{"line":188,"column":40}},"82":{"start":{"line":189,"column":4},"end":{"line":191,"column":5}},"83":{"start":{"line":190,"column":6},"end":{"line":190,"column":68}},"84":{"start":{"line":193,"column":4},"end":{"line":195,"column":5}},"85":{"start":{"line":194,"column":6},"end":{"line":194,"column":79}},"86":{"start":{"line":197,"column":4},"end":{"line":197,"column":47}},"87":{"start":{"line":198,"column":20},"end":{"line":198,"column":65}},"88":{"start":{"line":199,"column":4},"end":{"line":199,"column":58}},"89":{"start":{"line":201,"column":4},"end":{"line":203,"column":5}},"90":{"start":{"line":202,"column":6},"end":{"line":202,"column":67}},"91":{"start":{"line":205,"column":4},"end":{"line":205,"column":31}},"92":{"start":{"line":207,"column":4},"end":{"line":207,"column":46}},"93":{"start":{"line":208,"column":4},"end":{"line":208,"column":64}},"94":{"start":{"line":213,"column":25},"end":{"line":241,"column":1}},"95":{"start":{"line":214,"column":17},"end":{"line":214,"column":27}},"96":{"start":{"line":215,"column":30},"end":{"line":215,"column":38}},"97":{"start":{"line":217,"column":2},"end":{"line":240,"column":3}},"98":{"start":{"line":218,"column":17},"end":{"line":218,"column":71}},"99":{"start":{"line":220,"column":4},"end":{"line":222,"column":5}},"100":{"start":{"line":221,"column":6},"end":{"line":221,"column":63}},"101":{"start":{"line":225,"column":29},"end":{"line":227,"column":5}},"102":{"start":{"line":226,"column":17},"end":{"line":226,"column":49}},"103":{"start":{"line":229,"column":4},"end":{"line":232,"column":5}},"104":{"start":{"line":230,"column":6},"end":{"line":230,"column":66}},"105":{"start":{"line":231,"column":6},"end":{"line":231,"column":24}},"106":{"start":{"line":234,"column":4},"end":{"line":237,"column":7}},"107":{"start":{"line":239,"column":4},"end":{"line":239,"column":51}}},"fnMap":{"0":{"name":"(anonymous_0)","decl":{"start":{"line":6,"column":27},"end":{"line":6,"column":28}},"loc":{"start":{"line":6,"column":47},"end":{"line":17,"column":1}},"line":6},"1":{"name":"(anonymous_1)","decl":{"start":{"line":20,"column":23},"end":{"line":20,"column":24}},"loc":{"start":{"line":20,"column":43},"end":{"line":82,"column":1}},"line":20},"2":{"name":"(anonymous_2)","decl":{"start":{"line":85,"column":26},"end":{"line":85,"column":27}},"loc":{"start":{"line":85,"column":46},"end":{"line":130,"column":1}},"line":85},"3":{"name":"(anonymous_3)","decl":{"start":{"line":133,"column":26},"end":{"line":133,"column":27}},"loc":{"start":{"line":133,"column":46},"end":{"line":148,"column":1}},"line":133},"4":{"name":"(anonymous_4)","decl":{"start":{"line":151,"column":26},"end":{"line":151,"column":27}},"loc":{"start":{"line":151,"column":46},"end":{"line":172,"column":1}},"line":151},"5":{"name":"(anonymous_5)","decl":{"start":{"line":175,"column":30},"end":{"line":175,"column":31}},"loc":{"start":{"line":175,"column":50},"end":{"line":210,"column":1}},"line":175},"6":{"name":"(anonymous_6)","decl":{"start":{"line":213,"column":25},"end":{"line":213,"column":26}},"loc":{"start":{"line":213,"column":45},"end":{"line":241,"column":1}},"line":213},"7":{"name":"(anonymous_7)","decl":{"start":{"line":226,"column":6},"end":{"line":226,"column":7}},"loc":{"start":{"line":226,"column":17},"end":{"line":226,"column":49}},"line":226}},"branchMap":{"0":{"loc":{"start":{"line":30,"column":2},"end":{"line":32,"column":3}},"type":"if","locations":[{"start":{"line":30,"column":2},"end":{"line":32,"column":3}},{"start":{},"end":{}}],"line":30},"1":{"loc":{"start":{"line":36,"column":4},"end":{"line":38,"column":5}},"type":"if","locations":[{"start":{"line":36,"column":4},"end":{"line":38,"column":5}},{"start":{},"end":{}}],"line":36},"2":{"loc":{"start":{"line":41,"column":4},"end":{"line":75,"column":5}},"type":"if","locations":[{"start":{"line":41,"column":4},"end":{"line":75,"column":5}},{"start":{},"end":{}}],"line":41},"3":{"loc":{"start":{"line":48,"column":6},"end":{"line":53,"column":7}},"type":"if","locations":[{"start":{"line":48,"column":6},"end":{"line":53,"column":7}},{"start":{},"end":{}}],"line":48},"4":{"loc":{"start":{"line":69,"column":6},"end":{"line":74,"column":7}},"type":"if","locations":[{"start":{"line":69,"column":6},"end":{"line":74,"column":7}},{"start":{},"end":{}}],"line":69},"5":{"loc":{"start":{"line":69,"column":10},"end":{"line":69,"column":44}},"type":"binary-expr","locations":[{"start":{"line":69,"column":10},"end":{"line":69,"column":24}},{"start":{"line":69,"column":28},"end":{"line":69,"column":44}}],"line":69},"6":{"loc":{"start":{"line":93,"column":4},"end":{"line":93,"column":61}},"type":"cond-expr","locations":[{"start":{"line":93,"column":15},"end":{"line":93,"column":54}},{"start":{"line":93,"column":57},"end":{"line":93,"column":61}}],"line":93},"7":{"loc":{"start":{"line":99,"column":4},"end":{"line":106,"column":5}},"type":"if","locations":[{"start":{"line":99,"column":4},"end":{"line":106,"column":5}},{"start":{},"end":{}}],"line":99},"8":{"loc":{"start":{"line":116,"column":12},"end":{"line":116,"column":28}},"type":"cond-expr","locations":[{"start":{"line":116,"column":19},"end":{"line":116,"column":23}},{"start":{"line":116,"column":26},"end":{"line":116,"column":28}}],"line":116},"9":{"loc":{"start":{"line":136,"column":2},"end":{"line":137,"column":66}},"type":"if","locations":[{"start":{"line":136,"column":2},"end":{"line":137,"column":66}},{"start":{},"end":{}}],"line":136},"10":{"loc":{"start":{"line":141,"column":4},"end":{"line":141,"column":77}},"type":"if","locations":[{"start":{"line":141,"column":4},"end":{"line":141,"column":77}},{"start":{},"end":{}}],"line":141},"11":{"loc":{"start":{"line":154,"column":2},"end":{"line":155,"column":66}},"type":"if","locations":[{"start":{"line":154,"column":2},"end":{"line":155,"column":66}},{"start":{},"end":{}}],"line":154},"12":{"loc":{"start":{"line":159,"column":4},"end":{"line":159,"column":77}},"type":"if","locations":[{"start":{"line":159,"column":4},"end":{"line":159,"column":77}},{"start":{},"end":{}}],"line":159},"13":{"loc":{"start":{"line":181,"column":44},"end":{"line":181,"column":67}},"type":"cond-expr","locations":[{"start":{"line":181,"column":55},"end":{"line":181,"column":60}},{"start":{"line":181,"column":63},"end":{"line":181,"column":67}}],"line":181},"14":{"loc":{"start":{"line":183,"column":2},"end":{"line":185,"column":3}},"type":"if","locations":[{"start":{"line":183,"column":2},"end":{"line":185,"column":3}},{"start":{},"end":{}}],"line":183},"15":{"loc":{"start":{"line":189,"column":4},"end":{"line":191,"column":5}},"type":"if","locations":[{"start":{"line":189,"column":4},"end":{"line":191,"column":5}},{"start":{},"end":{}}],"line":189},"16":{"loc":{"start":{"line":193,"column":4},"end":{"line":195,"column":5}},"type":"if","locations":[{"start":{"line":193,"column":4},"end":{"line":195,"column":5}},{"start":{},"end":{}}],"line":193},"17":{"loc":{"start":{"line":201,"column":4},"end":{"line":203,"column":5}},"type":"if","locations":[{"start":{"line":201,"column":4},"end":{"line":203,"column":5}},{"start":{},"end":{}}],"line":201},"18":{"loc":{"start":{"line":220,"column":4},"end":{"line":222,"column":5}},"type":"if","locations":[{"start":{"line":220,"column":4},"end":{"line":222,"column":5}},{"start":{},"end":{}}],"line":220},"19":{"loc":{"start":{"line":229,"column":4},"end":{"line":232,"column":5}},"type":"if","locations":[{"start":{"line":229,"column":4},"end":{"line":232,"column":5}},{"start":{},"end":{}}],"line":229}},"s":{"0":2,"1":4,"2":4,"3":3,"4":1,"5":2,"6":6,"7":6,"8":6,"9":6,"10":6,"11":1,"12":5,"13":5,"14":5,"15":1,"16":4,"17":4,"18":4,"19":1,"20":3,"21":3,"22":3,"23":2,"24":2,"25":2,"26":1,"27":1,"28":1,"29":1,"30":2,"31":5,"32":5,"33":5,"34":5,"35":5,"36":5,"37":5,"38":2,"39":2,"40":1,"41":1,"42":4,"43":3,"44":3,"45":3,"46":3,"47":3,"48":2,"49":2,"50":2,"51":4,"52":4,"53":1,"54":3,"55":3,"56":2,"57":1,"58":1,"59":1,"60":1,"61":2,"62":4,"63":4,"64":1,"65":3,"66":3,"67":2,"68":1,"69":1,"70":1,"71":1,"72":2,"73":6,"74":6,"75":6,"76":6,"77":6,"78":6,"79":1,"80":5,"81":5,"82":5,"83":1,"84":4,"85":1,"86":3,"87":3,"88":2,"89":2,"90":1,"91":1,"92":1,"93":1,"94":2,"95":4,"96":4,"97":4,"98":4,"99":3,"100":1,"101":2,"102":4,"103":2,"104":2,"105":2,"106":2,"107":1},"f":{"0":4,"1":6,"2":5,"3":4,"4":4,"5":6,"6":4,"7":4},"b":{"0":[1,5],"1":[1,4],"2":[4,0],"3":[1,3],"4":[1,1],"5":[2,1],"6":[2,3],"7":[2,3],"8":[3,1],"9":[1,3],"10":[1,1],"11":[1,3],"12":[1,1],"13":[5,1],"14":[1,5],"15":[1,4],"16":[1,3],"17":[1,1],"18":[1,2],"19":[2,0]},"_coverageSchema":"1a1c01bbd47fc00a2c39e90264f33305004495a9","hash":"28c593c00157780090d8ed01534295d88b844ada"}
,"/Users/muskasaid/diaryapp/backend/controllers/userControllers.js": {"path":"/Users/muskasaid/diaryapp/backend/controllers/userControllers.js","statementMap":{"0":{"start":{"line":4,"column":20},"end":{"line":6,"column":1}},"1":{"start":{"line":5,"column":2},"end":{"line":5,"column":72}},"2":{"start":{"line":9,"column":26},"end":{"line":24,"column":1}},"3":{"start":{"line":10,"column":30},"end":{"line":10,"column":38}},"4":{"start":{"line":12,"column":2},"end":{"line":23,"column":3}},"5":{"start":{"line":13,"column":17},"end":{"line":13,"column":51}},"6":{"start":{"line":14,"column":18},"end":{"line":14,"column":39}},"7":{"start":{"line":16,"column":4},"end":{"line":20,"column":7}},"8":{"start":{"line":22,"column":4},"end":{"line":22,"column":51}},"9":{"start":{"line":27,"column":25},"end":{"line":42,"column":1}},"10":{"start":{"line":28,"column":30},"end":{"line":28,"column":38}},"11":{"start":{"line":30,"column":2},"end":{"line":41,"column":3}},"12":{"start":{"line":31,"column":17},"end":{"line":31,"column":50}},"13":{"start":{"line":32,"column":18},"end":{"line":32,"column":39}},"14":{"start":{"line":34,"column":4},"end":{"line":38,"column":7}},"15":{"start":{"line":40,"column":4},"end":{"line":40,"column":51}},"16":{"start":{"line":45,"column":26},"end":{"line":55,"column":1}},"17":{"start":{"line":46,"column":2},"end":{"line":54,"column":3}},"18":{"start":{"line":47,"column":17},"end":{"line":49,"column":41}},"19":{"start":{"line":51,"column":4},"end":{"line":51,"column":31}},"20":{"start":{"line":53,"column":4},"end":{"line":53,"column":51}},"21":{"start":{"line":58,"column":32},"end":{"line":69,"column":1}},"22":{"start":{"line":59,"column":2},"end":{"line":68,"column":3}},"23":{"start":{"line":60,"column":17},"end":{"line":63,"column":5}},"24":{"start":{"line":65,"column":4},"end":{"line":65,"column":45}},"25":{"start":{"line":67,"column":4},"end":{"line":67,"column":51}},"26":{"start":{"line":72,"column":31},"end":{"line":88,"column":1}},"27":{"start":{"line":73,"column":32},"end":{"line":73,"column":40}},"28":{"start":{"line":75,"column":2},"end":{"line":87,"column":3}},"29":{"start":{"line":76,"column":17},"end":{"line":76,"column":50}},"30":{"start":{"line":77,"column":25},"end":{"line":77,"column":70}},"31":{"start":{"line":79,"column":4},"end":{"line":84,"column":7}},"32":{"start":{"line":86,"column":4},"end":{"line":86,"column":51}}},"fnMap":{"0":{"name":"(anonymous_0)","decl":{"start":{"line":4,"column":20},"end":{"line":4,"column":21}},"loc":{"start":{"line":4,"column":29},"end":{"line":6,"column":1}},"line":4},"1":{"name":"(anonymous_1)","decl":{"start":{"line":9,"column":26},"end":{"line":9,"column":27}},"loc":{"start":{"line":9,"column":46},"end":{"line":24,"column":1}},"line":9},"2":{"name":"(anonymous_2)","decl":{"start":{"line":27,"column":25},"end":{"line":27,"column":26}},"loc":{"start":{"line":27,"column":45},"end":{"line":42,"column":1}},"line":27},"3":{"name":"(anonymous_3)","decl":{"start":{"line":45,"column":26},"end":{"line":45,"column":27}},"loc":{"start":{"line":45,"column":46},"end":{"line":55,"column":1}},"line":45},"4":{"name":"(anonymous_4)","decl":{"start":{"line":58,"column":32},"end":{"line":58,"column":33}},"loc":{"start":{"line":58,"column":52},"end":{"line":69,"column":1}},"line":58},"5":{"name":"(anonymous_5)","decl":{"start":{"line":72,"column":31},"end":{"line":72,"column":32}},"loc":{"start":{"line":72,"column":51},"end":{"line":88,"column":1}},"line":72}},"branchMap":{},"s":{"0":3,"1":5,"2":3,"3":5,"4":5,"5":5,"6":2,"7":2,"8":3,"9":3,"10":7,"11":7,"12":7,"13":3,"14":3,"15":4,"16":3,"17":2,"18":2,"19":1,"20":1,"21":3,"22":2,"23":2,"24":1,"25":1,"26":3,"27":3,"28":3,"29":3,"30":2,"31":1,"32":2},"f":{"0":5,"1":5,"2":7,"3":2,"4":2,"5":3},"b":{},"_coverageSchema":"1a1c01bbd47fc00a2c39e90264f33305004495a9","hash":"e9efd6a1ea5f9d992964b03b170829633aa18dc9"}
,"/Users/muskasaid/diaryapp/backend/middleware/auth.js": {"path":"/Users/muskasaid/diaryapp/backend/middleware/auth.js","statementMap":{"0":{"start":{"line":4,"column":27},"end":{"line":21,"column":1}},"1":{"start":{"line":5,"column":28},"end":{"line":5,"column":39}},"2":{"start":{"line":7,"column":2},"end":{"line":8,"column":75}},"3":{"start":{"line":8,"column":4},"end":{"line":8,"column":75}},"4":{"start":{"line":10,"column":16},"end":{"line":10,"column":43}},"5":{"start":{"line":12,"column":2},"end":{"line":20,"column":3}},"6":{"start":{"line":13,"column":20},"end":{"line":13,"column":61}},"7":{"start":{"line":14,"column":4},"end":{"line":14,"column":57}},"8":{"start":{"line":15,"column":4},"end":{"line":15,"column":11}},"9":{"start":{"line":17,"column":4},"end":{"line":17,"column":21}},"10":{"start":{"line":18,"column":4},"end":{"line":18,"column":54}},"11":{"start":{"line":19,"column":4},"end":{"line":19,"column":14}}},"fnMap":{"0":{"name":"(anonymous_0)","decl":{"start":{"line":4,"column":27},"end":{"line":4,"column":28}},"loc":{"start":{"line":4,"column":53},"end":{"line":21,"column":1}},"line":4}},"branchMap":{"0":{"loc":{"start":{"line":7,"column":2},"end":{"line":8,"column":75}},"type":"if","locations":[{"start":{"line":7,"column":2},"end":{"line":8,"column":75}},{"start":{},"end":{}}],"line":7}},"s":{"0":3,"1":7,"2":7,"3":1,"4":6,"5":6,"6":6,"7":5,"8":5,"9":1,"10":1,"11":1},"f":{"0":7},"b":{"0":[1,6]},"_coverageSchema":"1a1c01bbd47fc00a2c39e90264f33305004495a9","hash":"46754eb1ea2aa6a18148b48c1097f73073b2d010"}
,"/Users/muskasaid/diaryapp/backend/models/Post.js": {"path":"/Users/muskasaid/diaryapp/backend/models/Post.js","statementMap":{"0":{"start":{"line":4,"column":19},"end":{"line":55,"column":1}}},"fnMap":{},"branchMap":{},"s":{"0":2},"f":{},"b":{},"_coverageSchema":"1a1c01bbd47fc00a2c39e90264f33305004495a9","hash":"75b26a3aebbddcfe2b3b5e37cdeccf91c4e60561"}
,"/Users/muskasaid/diaryapp/backend/models/User.js": {"path":"/Users/muskasaid/diaryapp/backend/models/User.js","statementMap":{"0":{"start":{"line":6,"column":19},"end":{"line":38,"column":1}},"1":{"start":{"line":40,"column":27},"end":{"line":42,"column":1}},"2":{"start":{"line":41,"column":2},"end":{"line":41,"column":61}},"3":{"start":{"line":44,"column":0},"end":{"line":83,"column":2}},"4":{"start":{"line":45,"column":2},"end":{"line":47,"column":3}},"5":{"start":{"line":46,"column":4},"end":{"line":46,"column":39}},"6":{"start":{"line":48,"column":2},"end":{"line":50,"column":3}},"7":{"start":{"line":49,"column":4},"end":{"line":49,"column":33}},"8":{"start":{"line":51,"column":2},"end":{"line":53,"column":3}},"9":{"start":{"line":52,"column":4},"end":{"line":52,"column":46}},"10":{"start":{"line":55,"column":17},"end":{"line":55,"column":46}},"11":{"start":{"line":56,"column":2},"end":{"line":58,"column":3}},"12":{"start":{"line":57,"column":4},"end":{"line":57,"column":44}},"13":{"start":{"line":61,"column":21},"end":{"line":61,"column":26}},"14":{"start":{"line":63,"column":2},"end":{"line":69,"column":3}},"15":{"start":{"line":64,"column":4},"end":{"line":64,"column":45}},"16":{"start":{"line":65,"column":25},"end":{"line":65,"column":66}},"17":{"start":{"line":66,"column":4},"end":{"line":68,"column":5}},"18":{"start":{"line":67,"column":6},"end":{"line":67,"column":26}},"19":{"start":{"line":71,"column":15},"end":{"line":71,"column":39}},"20":{"start":{"line":72,"column":15},"end":{"line":72,"column":48}},"21":{"start":{"line":74,"column":15},"end":{"line":80,"column":4}},"22":{"start":{"line":82,"column":2},"end":{"line":82,"column":14}},"23":{"start":{"line":85,"column":0},"end":{"line":101,"column":2}},"24":{"start":{"line":86,"column":2},"end":{"line":88,"column":3}},"25":{"start":{"line":87,"column":4},"end":{"line":87,"column":39}},"26":{"start":{"line":90,"column":15},"end":{"line":90,"column":44}},"27":{"start":{"line":91,"column":2},"end":{"line":93,"column":3}},"28":{"start":{"line":92,"column":4},"end":{"line":92,"column":40}},"29":{"start":{"line":95,"column":16},"end":{"line":95,"column":61}},"30":{"start":{"line":96,"column":2},"end":{"line":98,"column":3}},"31":{"start":{"line":97,"column":4},"end":{"line":97,"column":38}},"32":{"start":{"line":100,"column":2},"end":{"line":100,"column":14}},"33":{"start":{"line":103,"column":0},"end":{"line":125,"column":2}},"34":{"start":{"line":104,"column":2},"end":{"line":106,"column":3}},"35":{"start":{"line":105,"column":4},"end":{"line":105,"column":47}},"36":{"start":{"line":108,"column":23},"end":{"line":108,"column":78}},"37":{"start":{"line":109,"column":2},"end":{"line":111,"column":3}},"38":{"start":{"line":110,"column":4},"end":{"line":110,"column":46}},"39":{"start":{"line":113,"column":2},"end":{"line":115,"column":3}},"40":{"start":{"line":114,"column":4},"end":{"line":114,"column":57}},"41":{"start":{"line":117,"column":2},"end":{"line":119,"column":3}},"42":{"start":{"line":118,"column":4},"end":{"line":118,"column":42}},"43":{"start":{"line":121,"column":2},"end":{"line":121,"column":44}},"44":{"start":{"line":122,"column":2},"end":{"line":122,"column":20}},"45":{"start":{"line":124,"column":2},"end":{"line":124,"column":22}}},"fnMap":{"0":{"name":"(anonymous_0)","decl":{"start":{"line":40,"column":27},"end":{"line":40,"column":28}},"loc":{"start":{"line":40,"column":33},"end":{"line":42,"column":1}},"line":40},"1":{"name":"(anonymous_1)","decl":{"start":{"line":44,"column":28},"end":{"line":44,"column":29}},"loc":{"start":{"line":44,"column":61},"end":{"line":83,"column":1}},"line":44},"2":{"name":"(anonymous_2)","decl":{"start":{"line":85,"column":27},"end":{"line":85,"column":28}},"loc":{"start":{"line":85,"column":60},"end":{"line":101,"column":1}},"line":85},"3":{"name":"(anonymous_3)","decl":{"start":{"line":103,"column":37},"end":{"line":103,"column":38}},"loc":{"start":{"line":103,"column":72},"end":{"line":125,"column":1}},"line":103}},"branchMap":{"0":{"loc":{"start":{"line":45,"column":2},"end":{"line":47,"column":3}},"type":"if","locations":[{"start":{"line":45,"column":2},"end":{"line":47,"column":3}},{"start":{},"end":{}}],"line":45},"1":{"loc":{"start":{"line":45,"column":6},"end":{"line":45,"column":25}},"type":"binary-expr","locations":[{"start":{"line":45,"column":6},"end":{"line":45,"column":12}},{"start":{"line":45,"column":16},"end":{"line":45,"column":25}}],"line":45},"2":{"loc":{"start":{"line":48,"column":2},"end":{"line":50,"column":3}},"type":"if","locations":[{"start":{"line":48,"column":2},"end":{"line":50,"column":3}},{"start":{},"end":{}}],"line":48},"3":{"loc":{"start":{"line":51,"column":2},"end":{"line":53,"column":3}},"type":"if","locations":[{"start":{"line":51,"column":2},"end":{"line":53,"column":3}},{"start":{},"end":{}}],"line":51},"4":{"loc":{"start":{"line":56,"column":2},"end":{"line":58,"column":3}},"type":"if","locations":[{"start":{"line":56,"column":2},"end":{"line":58,"column":3}},{"start":{},"end":{}}],"line":56},"5":{"loc":{"start":{"line":66,"column":4},"end":{"line":68,"column":5}},"type":"if","locations":[{"start":{"line":66,"column":4},"end":{"line":68,"column":5}},{"start":{},"end":{}}],"line":66},"6":{"loc":{"start":{"line":86,"column":2},"end":{"line":88,"column":3}},"type":"if","locations":[{"start":{"line":86,"column":2},"end":{"line":88,"column":3}},{"start":{},"end":{}}],"line":86},"7":{"loc":{"start":{"line":86,"column":6},"end":{"line":86,"column":25}},"type":"binary-expr","locations":[{"start":{"line":86,"column":6},"end":{"line":86,"column":12}},{"start":{"line":86,"column":16},"end":{"line":86,"column":25}}],"line":86},"8":{"loc":{"start":{"line":91,"column":2},"end":{"line":93,"column":3}},"type":"if","locations":[{"start":{"line":91,"column":2},"end":{"line":93,"column":3}},{"start":{},"end":{}}],"line":91},"9":{"loc":{"start":{"line":96,"column":2},"end":{"line":98,"column":3}},"type":"if","locations":[{"start":{"line":96,"column":2},"end":{"line":98,"column":3}},{"start":{},"end":{}}],"line":96},"10":{"loc":{"start":{"line":104,"column":2},"end":{"line":106,"column":3}},"type":"if","locations":[{"start":{"line":104,"column":2},"end":{"line":106,"column":3}},{"start":{},"end":{}}],"line":104},"11":{"loc":{"start":{"line":109,"column":2},"end":{"line":111,"column":3}},"type":"if","locations":[{"start":{"line":109,"column":2},"end":{"line":111,"column":3}},{"start":{},"end":{}}],"line":109},"12":{"loc":{"start":{"line":113,"column":2},"end":{"line":115,"column":3}},"type":"if","locations":[{"start":{"line":113,"column":2},"end":{"line":115,"column":3}},{"start":{},"end":{}}],"line":113},"13":{"loc":{"start":{"line":117,"column":2},"end":{"line":119,"column":3}},"type":"if","locations":[{"start":{"line":117,"column":2},"end":{"line":119,"column":3}},{"start":{},"end":{}}],"line":117}},"s":{"0":4,"1":4,"2":17,"3":4,"4":22,"5":2,"6":20,"7":1,"8":19,"9":1,"10":18,"11":18,"12":1,"13":17,"14":17,"15":17,"16":17,"17":17,"18":17,"19":17,"20":17,"21":17,"22":17,"23":4,"24":6,"25":2,"26":4,"27":4,"28":1,"29":3,"30":3,"31":1,"32":2,"33":4,"34":6,"35":1,"36":5,"37":5,"38":1,"39":4,"40":1,"41":3,"42":1,"43":2,"44":2,"45":2},"f":{"0":17,"1":22,"2":6,"3":6},"b":{"0":[2,20],"1":[22,21],"2":[1,19],"3":[1,18],"4":[1,17],"5":[17,0],"6":[2,4],"7":[6,5],"8":[1,3],"9":[1,2],"10":[1,5],"11":[1,4],"12":[1,3],"13":[1,2]},"_coverageSchema":"1a1c01bbd47fc00a2c39e90264f33305004495a9","hash":"3729cb3924ead5676878c0037d51e16c463d180f"}
,"/Users/muskasaid/diaryapp/backend/routes/posts.js": {"path":"/Users/muskasaid/diaryapp/backend/routes/posts.js","statementMap":{"0":{"start":{"line":13,"column":15},"end":{"line":13,"column":31}},"1":{"start":{"line":14,"column":0},"end":{"line":14,"column":24}},"2":{"start":{"line":16,"column":0},"end":{"line":16,"column":29}},"3":{"start":{"line":17,"column":0},"end":{"line":17,"column":29}},"4":{"start":{"line":18,"column":0},"end":{"line":18,"column":28}},"5":{"start":{"line":19,"column":0},"end":{"line":19,"column":34}},"6":{"start":{"line":20,"column":0},"end":{"line":20,"column":33}},"7":{"start":{"line":21,"column":0},"end":{"line":21,"column":43}},"8":{"start":{"line":22,"column":0},"end":{"line":22,"column":37}}},"fnMap":{},"branchMap":{},"s":{"0":2,"1":2,"2":2,"3":2,"4":2,"5":2,"6":2,"7":2,"8":2},"f":{},"b":{},"_coverageSchema":"1a1c01bbd47fc00a2c39e90264f33305004495a9","hash":"44ccacbe529343d0995046efb737672e0f970740"}
,"/Users/muskasaid/diaryapp/backend/routes/users.js": {"path":"/Users/muskasaid/diaryapp/backend/routes/users.js","statementMap":{"0":{"start":{"line":11,"column":15},"end":{"line":11,"column":31}},"1":{"start":{"line":13,"column":0},"end":{"line":13,"column":35}},"2":{"start":{"line":14,"column":0},"end":{"line":14,"column":33}},"3":{"start":{"line":16,"column":0},"end":{"line":16,"column":48}},"4":{"start":{"line":17,"column":0},"end":{"line":17,"column":60}},"5":{"start":{"line":18,"column":0},"end":{"line":18,"column":63}}},"fnMap":{},"branchMap":{},"s":{"0":2,"1":2,"2":2,"3":2,"4":2,"5":2},"f":{},"b":{},"_coverageSchema":"1a1c01bbd47fc00a2c39e90264f33305004495a9","hash":"ef1627857a65b4a5d7760a8660434bffc3c7ab3e"}
}
