TN:
SF:controllers/postControllers.js
FN:6,(anonymous_0)
FN:20,(anonymous_1)
FN:85,(anonymous_2)
FN:133,(anonymous_3)
FN:151,(anonymous_4)
FN:175,(anonymous_5)
FN:213,(anonymous_6)
FN:226,(anonymous_7)
FNF:8
FNH:8
FNDA:4,(anonymous_0)
FNDA:6,(anonymous_1)
FNDA:5,(anonymous_2)
FNDA:4,(anonymous_3)
FNDA:4,(anonymous_4)
FNDA:6,(anonymous_5)
FNDA:4,(anonymous_6)
FNDA:4,(anonymous_7)
DA:6,2
DA:7,4
DA:9,4
DA:13,3
DA:15,1
DA:20,2
DA:21,6
DA:22,6
DA:23,6
DA:25,6
DA:30,6
DA:31,1
DA:34,5
DA:35,5
DA:36,5
DA:37,1
DA:41,4
DA:42,4
DA:48,4
DA:49,1
DA:55,3
DA:56,3
DA:58,3
DA:59,2
DA:61,2
DA:69,2
DA:70,1
DA:77,1
DA:79,1
DA:80,1
DA:85,2
DA:87,5
DA:88,5
DA:90,5
DA:91,5
DA:96,5
DA:98,5
DA:99,5
DA:100,2
DA:101,2
DA:104,1
DA:105,1
DA:109,4
DA:120,3
DA:121,3
DA:122,3
DA:123,3
DA:125,3
DA:127,2
DA:128,2
DA:133,2
DA:134,4
DA:136,4
DA:137,1
DA:139,3
DA:140,3
DA:141,2
DA:143,1
DA:144,1
DA:146,1
DA:151,2
DA:152,4
DA:154,4
DA:155,1
DA:157,3
DA:158,3
DA:159,2
DA:162,1
DA:168,1
DA:170,1
DA:175,2
DA:176,6
DA:177,6
DA:178,6
DA:180,6
DA:181,6
DA:183,6
DA:184,1
DA:187,5
DA:188,5
DA:189,5
DA:190,1
DA:193,4
DA:194,1
DA:197,3
DA:198,3
DA:199,2
DA:201,2
DA:202,1
DA:205,1
DA:207,1
DA:208,1
DA:213,2
DA:214,4
DA:215,4
DA:217,4
DA:218,4
DA:220,3
DA:221,1
DA:225,2
DA:226,4
DA:229,2
DA:230,2
DA:231,2
DA:234,2
DA:239,1
LF:106
LH:106
BRDA:30,0,0,1
BRDA:30,0,1,5
BRDA:36,1,0,1
BRDA:36,1,1,4
BRDA:41,2,0,4
BRDA:41,2,1,0
BRDA:48,3,0,1
BRDA:48,3,1,3
BRDA:69,4,0,1
BRDA:69,4,1,1
BRDA:69,5,0,2
BRDA:69,5,1,1
BRDA:93,6,0,2
BRDA:93,6,1,3
BRDA:99,7,0,2
BRDA:99,7,1,3
BRDA:116,8,0,3
BRDA:116,8,1,1
BRDA:136,9,0,1
BRDA:136,9,1,3
BRDA:141,10,0,1
BRDA:141,10,1,1
BRDA:154,11,0,1
BRDA:154,11,1,3
BRDA:159,12,0,1
BRDA:159,12,1,1
BRDA:181,13,0,5
BRDA:181,13,1,1
BRDA:183,14,0,1
BRDA:183,14,1,5
BRDA:189,15,0,1
BRDA:189,15,1,4
BRDA:193,16,0,1
BRDA:193,16,1,3
BRDA:201,17,0,1
BRDA:201,17,1,1
BRDA:220,18,0,1
BRDA:220,18,1,2
BRDA:229,19,0,2
BRDA:229,19,1,0
BRF:40
BRH:38
end_of_record
TN:
SF:controllers/userControllers.js
FN:4,(anonymous_0)
FN:9,(anonymous_1)
FN:27,(anonymous_2)
FN:45,(anonymous_3)
FN:58,(anonymous_4)
FN:72,(anonymous_5)
FNF:6
FNH:6
FNDA:5,(anonymous_0)
FNDA:5,(anonymous_1)
FNDA:7,(anonymous_2)
FNDA:2,(anonymous_3)
FNDA:2,(anonymous_4)
FNDA:3,(anonymous_5)
DA:4,3
DA:5,5
DA:9,3
DA:10,5
DA:12,5
DA:13,5
DA:14,2
DA:16,2
DA:22,3
DA:27,3
DA:28,7
DA:30,7
DA:31,7
DA:32,3
DA:34,3
DA:40,4
DA:45,3
DA:46,2
DA:47,2
DA:51,1
DA:53,1
DA:58,3
DA:59,2
DA:60,2
DA:65,1
DA:67,1
DA:72,3
DA:73,3
DA:75,3
DA:76,3
DA:77,2
DA:79,1
DA:86,2
LF:33
LH:33
BRF:0
BRH:0
end_of_record
TN:
SF:middleware/auth.js
FN:4,(anonymous_0)
FNF:1
FNH:1
FNDA:7,(anonymous_0)
DA:4,3
DA:5,7
DA:7,7
DA:8,1
DA:10,6
DA:12,6
DA:13,6
DA:14,5
DA:15,5
DA:17,1
DA:18,1
DA:19,1
LF:12
LH:12
BRDA:7,0,0,1
BRDA:7,0,1,6
BRF:2
BRH:2
end_of_record
TN:
SF:models/Post.js
FNF:0
FNH:0
DA:4,2
LF:1
LH:1
BRF:0
BRH:0
end_of_record
TN:
SF:models/User.js
FN:40,(anonymous_0)
FN:44,(anonymous_1)
FN:85,(anonymous_2)
FN:103,(anonymous_3)
FNF:4
FNH:4
FNDA:17,(anonymous_0)
FNDA:22,(anonymous_1)
FNDA:6,(anonymous_2)
FNDA:6,(anonymous_3)
DA:6,4
DA:40,4
DA:41,17
DA:44,4
DA:45,22
DA:46,2
DA:48,20
DA:49,1
DA:51,19
DA:52,1
DA:55,18
DA:56,18
DA:57,1
DA:61,17
DA:63,17
DA:64,17
DA:65,17
DA:66,17
DA:67,17
DA:71,17
DA:72,17
DA:74,17
DA:82,17
DA:85,4
DA:86,6
DA:87,2
DA:90,4
DA:91,4
DA:92,1
DA:95,3
DA:96,3
DA:97,1
DA:100,2
DA:103,4
DA:104,6
DA:105,1
DA:108,5
DA:109,5
DA:110,1
DA:113,4
DA:114,1
DA:117,3
DA:118,1
DA:121,2
DA:122,2
DA:124,2
LF:46
LH:46
BRDA:45,0,0,2
BRDA:45,0,1,20
BRDA:45,1,0,22
BRDA:45,1,1,21
BRDA:48,2,0,1
BRDA:48,2,1,19
BRDA:51,3,0,1
BRDA:51,3,1,18
BRDA:56,4,0,1
BRDA:56,4,1,17
BRDA:66,5,0,17
BRDA:66,5,1,0
BRDA:86,6,0,2
BRDA:86,6,1,4
BRDA:86,7,0,6
BRDA:86,7,1,5
BRDA:91,8,0,1
BRDA:91,8,1,3
BRDA:96,9,0,1
BRDA:96,9,1,2
BRDA:104,10,0,1
BRDA:104,10,1,5
BRDA:109,11,0,1
BRDA:109,11,1,4
BRDA:113,12,0,1
BRDA:113,12,1,3
BRDA:117,13,0,1
BRDA:117,13,1,2
BRF:28
BRH:27
end_of_record
TN:
SF:routes/posts.js
FNF:0
FNH:0
DA:13,2
DA:14,2
DA:16,2
DA:17,2
DA:18,2
DA:19,2
DA:20,2
DA:21,2
DA:22,2
LF:9
LH:9
BRF:0
BRH:0
end_of_record
TN:
SF:routes/users.js
FNF:0
FNH:0
DA:11,2
DA:13,2
DA:14,2
DA:16,2
DA:17,2
DA:18,2
LF:6
LH:6
BRF:0
BRH:0
end_of_record
